# JRE version: OpenJDK Runtime Environment (8.0_152-b01) (build 1.8.0_152-release-1248-b01)
# Java VM: OpenJDK 64-Bit Server VM (25.152-b01 mixed mode linux-amd64 compressed oops)
Heap:
 PSYoungGen      total 413696K, used 0K [0x00000000e0000000, 0x0000000100000000, 0x0000000100000000)
  eden space 319488K, 0% used [0x00000000e0000000,0x00000000e0000000,0x00000000f3800000)
  from space 94208K, 0% used [0x00000000fa400000,0x00000000fa400000,0x0000000100000000)
  to   space 102400K, 0% used [0x00000000f3800000,0x00000000f3800000,0x00000000f9c00000)
 ParOldGen       total 229376K, used 174183K [0x00000000a0000000, 0x00000000ae000000, 0x00000000e0000000)
  object space 229376K, 75% used [0x00000000a0000000,0x00000000aaa19d88,0x00000000ae000000)
 Metaspace       used 83368K, capacity 86072K, committed 86784K, reserved 1124352K
  class space    used 10798K, capacity 11381K, committed 11520K, reserved 1048576K
GC Heap History (10 events):
Event: 23.960 GC heap after
Heap after GC invocations=13 (full 3):
 PSYoungGen      total 270336K, used 13882K [0x00000000e0000000, 0x00000000f3080000, 0x0000000100000000)
  eden space 256000K, 0% used [0x00000000e0000000,0x00000000e0000000,0x00000000efa00000)
  from space 14336K, 96% used [0x00000000f2280000,0x00000000f300ea40,0x00000000f3080000)
  to   space 24576K, 0% used [0x00000000f0080000,0x00000000f0080000,0x00000000f1880000)
 ParOldGen       total 229376K, used 38306K [0x00000000a0000000, 0x00000000ae000000, 0x00000000e0000000)
  object space 229376K, 16% used [0x00000000a0000000,0x00000000a2568890,0x00000000ae000000)
 Metaspace       used 62579K, capacity 64728K, committed 64896K, reserved 1105920K
  class space    used 8463K, capacity 8993K, committed 9088K, reserved 1048576K
}
Event: 25.863 GC heap before
{Heap before GC invocations=14 (full 3):
 PSYoungGen      total 270336K, used 269882K [0x00000000e0000000, 0x00000000f3080000, 0x0000000100000000)
  eden space 256000K, 100% used [0x00000000e0000000,0x00000000efa00000,0x00000000efa00000)
  from space 14336K, 96% used [0x00000000f2280000,0x00000000f300ea40,0x00000000f3080000)
  to   space 24576K, 0% used [0x00000000f0080000,0x00000000f0080000,0x00000000f1880000)
 ParOldGen       total 229376K, used 38306K [0x00000000a0000000, 0x00000000ae000000, 0x00000000e0000000)
  object space 229376K, 16% used [0x00000000a0000000,0x00000000a2568890,0x00000000ae000000)
 Metaspace       used 68749K, capacity 70878K, committed 71168K, reserved 1110016K
  class space    used 9088K, capacity 9634K, committed 9728K, reserved 1048576K
Event: 25.951 GC heap after
Heap after GC invocations=14 (full 3):
 PSYoungGen      total 287232K, used 24548K [0x00000000e0000000, 0x00000000f9580000, 0x0000000100000000)
  eden space 262656K, 0% used [0x00000000e0000000,0x00000000e0000000,0x00000000f0080000)
  from space 24576K, 99% used [0x00000000f0080000,0x00000000f1879120,0x00000000f1880000)
  to   space 43008K, 0% used [0x00000000f6b80000,0x00000000f6b80000,0x00000000f9580000)
 ParOldGen       total 229376K, used 79748K [0x00000000a0000000, 0x00000000ae000000, 0x00000000e0000000)
  object space 229376K, 34% used [0x00000000a0000000,0x00000000a4de10d8,0x00000000ae000000)
 Metaspace       used 68749K, capacity 70878K, committed 71168K, reserved 1110016K
  class space    used 9088K, capacity 9634K, committed 9728K, reserved 1048576K
}
Event: 28.392 GC heap before
{Heap before GC invocations=15 (full 3):
 PSYoungGen      total 287232K, used 287204K [0x00000000e0000000, 0x00000000f9580000, 0x0000000100000000)
  eden space 262656K, 100% used [0x00000000e0000000,0x00000000f0080000,0x00000000f0080000)
  from space 24576K, 99% used [0x00000000f0080000,0x00000000f1879120,0x00000000f1880000)
  to   space 43008K, 0% used [0x00000000f6b80000,0x00000000f6b80000,0x00000000f9580000)
 ParOldGen       total 229376K, used 79748K [0x00000000a0000000, 0x00000000ae000000, 0x00000000e0000000)
  object space 229376K, 34% used [0x00000000a0000000,0x00000000a4de10d8,0x00000000ae000000)
 Metaspace       used 74117K, capacity 76158K, committed 76288K, reserved 1116160K
  class space    used 9653K, capacity 10178K, committed 10240K, reserved 1048576K
Event: 28.514 GC heap after
Heap after GC invocations=15 (full 3):
 PSYoungGen      total 346624K, used 42988K [0x00000000e0000000, 0x00000000fd700000, 0x0000000100000000)
  eden space 303616K, 0% used [0x00000000e0000000,0x00000000e0000000,0x00000000f2880000)
  from space 43008K, 99% used [0x00000000f6b80000,0x00000000f957b1a0,0x00000000f9580000)
  to   space 68608K, 0% used [0x00000000f2880000,0x00000000f2880000,0x00000000f6b80000)
 ParOldGen       total 229376K, used 130307K [0x00000000a0000000, 0x00000000ae000000, 0x00000000e0000000)
  object space 229376K, 56% used [0x00000000a0000000,0x00000000a7f40c70,0x00000000ae000000)
 Metaspace       used 74117K, capacity 76158K, committed 76288K, reserved 1116160K
  class space    used 9653K, capacity 10178K, committed 10240K, reserved 1048576K
}
Event: 31.199 GC heap before
{Heap before GC invocations=16 (full 3):
 PSYoungGen      total 346624K, used 346604K [0x00000000e0000000, 0x00000000fd700000, 0x0000000100000000)
  eden space 303616K, 100% used [0x00000000e0000000,0x00000000f2880000,0x00000000f2880000)
  from space 43008K, 99% used [0x00000000f6b80000,0x00000000f957b1a0,0x00000000f9580000)
  to   space 68608K, 0% used [0x00000000f2880000,0x00000000f2880000,0x00000000f6b80000)
 ParOldGen       total 229376K, used 130307K [0x00000000a0000000, 0x00000000ae000000, 0x00000000e0000000)
  object space 229376K, 56% used [0x00000000a0000000,0x00000000a7f40c70,0x00000000ae000000)
 Metaspace       used 82941K, capacity 85866K, committed 86016K, reserved 1124352K
  class space    used 10845K, capacity 11478K, committed 11520K, reserved 1048576K
Event: 31.368 GC heap after
Heap after GC invocations=16 (full 3):
 PSYoungGen      total 372224K, used 68577K [0x00000000e0000000, 0x0000000100000000, 0x0000000100000000)
  eden space 303616K, 0% used [0x00000000e0000000,0x00000000e0000000,0x00000000f2880000)
  from space 68608K, 99% used [0x00000000f2880000,0x00000000f6b785c0,0x00000000f6b80000)
  to   space 94208K, 0% used [0x00000000fa400000,0x00000000fa400000,0x0000000100000000)
 ParOldGen       total 229376K, used 168827K [0x00000000a0000000, 0x00000000ae000000, 0x00000000e0000000)
  object space 229376K, 73% used [0x00000000a0000000,0x00000000aa4dedd0,0x00000000ae000000)
 Metaspace       used 82941K, capacity 85866K, committed 86016K, reserved 1124352K
  class space    used 10845K, capacity 11478K, committed 11520K, reserved 1048576K
}
Event: 34.532 GC heap before
{Heap before GC invocations=17 (full 3):
 PSYoungGen      total 372224K, used 369025K [0x00000000e0000000, 0x0000000100000000, 0x0000000100000000)
  eden space 303616K, 98% used [0x00000000e0000000,0x00000000f2567fa8,0x00000000f2880000)
  from space 68608K, 99% used [0x00000000f2880000,0x00000000f6b785c0,0x00000000f6b80000)
  to   space 94208K, 0% used [0x00000000fa400000,0x00000000fa400000,0x0000000100000000)
 ParOldGen       total 229376K, used 168827K [0x00000000a0000000, 0x00000000ae000000, 0x00000000e0000000)
  object space 229376K, 73% used [0x00000000a0000000,0x00000000aa4dedd0,0x00000000ae000000)
 Metaspace       used 83533K, capacity 86502K, committed 86784K, reserved 1124352K
  class space    used 10856K, capacity 11482K, committed 11520K, reserved 1048576K
Event: 34.774 GC heap after
Heap after GC invocations=17 (full 3):
 PSYoungGen      total 413696K, used 72797K [0x00000000e0000000, 0x0000000100000000, 0x0000000100000000)
  eden space 319488K, 0% used [0x00000000e0000000,0x00000000e0000000,0x00000000f3800000)
  from space 94208K, 77% used [0x00000000fa400000,0x00000000feb17500,0x0000000100000000)
  to   space 102400K, 0% used [0x00000000f3800000,0x00000000f3800000,0x00000000f9c00000)
 ParOldGen       total 229376K, used 221742K [0x00000000a0000000, 0x00000000ae000000, 0x00000000e0000000)
  object space 229376K, 96% used [0x00000000a0000000,0x00000000ad88bb38,0x00000000ae000000)
 Metaspace       used 83533K, capacity 86502K, committed 86784K, reserved 1124352K
  class space    used 10856K, capacity 11482K, committed 11520K, reserved 1048576K
}
Event: 34.774 GC heap before
{Heap before GC invocations=18 (full 4):
 PSYoungGen      total 413696K, used 72797K [0x00000000e0000000, 0x0000000100000000, 0x0000000100000000)
  eden space 319488K, 0% used [0x00000000e0000000,0x00000000e0000000,0x00000000f3800000)
  from space 94208K, 77% used [0x00000000fa400000,0x00000000feb17500,0x0000000100000000)
  to   space 102400K, 0% used [0x00000000f3800000,0x00000000f3800000,0x00000000f9c00000)
 ParOldGen       total 229376K, used 221742K [0x00000000a0000000, 0x00000000ae000000, 0x00000000e0000000)
  object space 229376K, 96% used [0x00000000a0000000,0x00000000ad88bb38,0x00000000ae000000)
 Metaspace       used 83533K, capacity 86502K, committed 86784K, reserved 1124352K
  class space    used 10856K, capacity 11482K, committed 11520K, reserved 1048576K

